2011-04-21 16:27:42.807:INFO::jetty-7.3.0.v20110203
2011-04-21 16:27:42.838:INFO::Deployment monitor /Users/loufoster/Desktop/solr3.1/webapps at interval 1
2011-04-21 16:27:42.841:INFO::Deployable added: /Users/loufoster/Desktop/solr3.1/webapps/solr.war
2011-04-21 16:27:42.878:INFO::Extract jar:file:/Users/loufoster/Desktop/solr3.1/webapps/solr.war!/ to /private/var/folders/8x/8xo8MRztFcCjCCM5-mapW++++TI/-Tmp-/jetty-0.0.0.0-8080-solr.war-_solr-any-/webapp
2011-04-21 16:27:43.260:WARN::Failed startup of context o.e.j.w.WebAppContext{/solr,file:/private/var/folders/8x/8xo8MRztFcCjCCM5-mapW++++TI/-Tmp-/jetty-0.0.0.0-8080-solr.war-_solr-any-/webapp/},/Users/loufoster/Desktop/solr3.1/webapps/solr.war
java.io.FileNotFoundException: /Users/loufoster/Desktop/solr3.1/etc/webdefault.xml (No such file or directory)
	at java.io.FileInputStream.open(Native Method)
	at java.io.FileInputStream.<init>(FileInputStream.java:106)
	at java.io.FileInputStream.<init>(FileInputStream.java:66)
	at sun.net.www.protocol.file.FileURLConnection.connect(FileURLConnection.java:70)
	at sun.net.www.protocol.file.FileURLConnection.getInputStream(FileURLConnection.java:161)
	at com.sun.org.apache.xerces.internal.impl.XMLEntityManager.setupCurrentEntity(XMLEntityManager.java:653)
	at com.sun.org.apache.xerces.internal.impl.XMLVersionDetector.determineDocVersion(XMLVersionDetector.java:186)
	at com.sun.org.apache.xerces.internal.parsers.XML11Configuration.parse(XML11Configuration.java:772)
	at com.sun.org.apache.xerces.internal.parsers.XML11Configuration.parse(XML11Configuration.java:737)
	at com.sun.org.apache.xerces.internal.parsers.XMLParser.parse(XMLParser.java:119)
	at com.sun.org.apache.xerces.internal.parsers.AbstractSAXParser.parse(AbstractSAXParser.java:1205)
	at com.sun.org.apache.xerces.internal.jaxp.SAXParserImpl$JAXPSAXParser.parse(SAXParserImpl.java:522)
	at javax.xml.parsers.SAXParser.parse(SAXParser.java:395)
	at org.eclipse.jetty.xml.XmlParser.parse(XmlParser.java:187)
	at org.eclipse.jetty.xml.XmlParser.parse(XmlParser.java:203)
	at org.eclipse.jetty.webapp.Descriptor.parse(Descriptor.java:60)
	at org.eclipse.jetty.webapp.WebDescriptor.parse(WebDescriptor.java:142)
	at org.eclipse.jetty.webapp.MetaData.setDefaults(MetaData.java:142)
	at org.eclipse.jetty.webapp.WebXmlConfiguration.preConfigure(WebXmlConfiguration.java:46)
	at org.eclipse.jetty.webapp.WebAppContext.preConfigure(WebAppContext.java:406)
	at org.eclipse.jetty.webapp.WebAppContext.doStart(WebAppContext.java:435)
	at org.eclipse.jetty.util.component.AbstractLifeCycle.start(AbstractLifeCycle.java:55)
	at org.eclipse.jetty.deploy.bindings.StandardStarter.processBinding(StandardStarter.java:36)
	at org.eclipse.jetty.deploy.AppLifeCycle.runBindings(AppLifeCycle.java:180)
	at org.eclipse.jetty.deploy.DeploymentManager.requestAppGoal(DeploymentManager.java:479)
	at org.eclipse.jetty.deploy.DeploymentManager.addApp(DeploymentManager.java:136)
	at org.eclipse.jetty.deploy.providers.ScanningAppProvider.fileAdded(ScanningAppProvider.java:137)
	at org.eclipse.jetty.deploy.providers.ScanningAppProvider$1.fileAdded(ScanningAppProvider.java:50)
	at org.eclipse.jetty.util.Scanner.reportAddition(Scanner.java:477)
	at org.eclipse.jetty.util.Scanner.reportDifferences(Scanner.java:389)
	at org.eclipse.jetty.util.Scanner.scan(Scanner.java:339)
	at org.eclipse.jetty.util.Scanner.start(Scanner.java:275)
	at org.eclipse.jetty.deploy.providers.ScanningAppProvider.doStart(ScanningAppProvider.java:114)
	at org.eclipse.jetty.util.component.AbstractLifeCycle.start(AbstractLifeCycle.java:55)
	at org.eclipse.jetty.deploy.DeploymentManager.startAppProvider(DeploymentManager.java:540)
	at org.eclipse.jetty.deploy.DeploymentManager.doStart(DeploymentManager.java:219)
	at org.eclipse.jetty.util.component.AbstractLifeCycle.start(AbstractLifeCycle.java:55)
	at org.eclipse.jetty.util.component.AggregateLifeCycle.doStart(AggregateLifeCycle.java:42)
	at org.eclipse.jetty.server.handler.AbstractHandler.doStart(AbstractHandler.java:52)
	at org.eclipse.jetty.server.handler.HandlerWrapper.doStart(HandlerWrapper.java:96)
	at org.eclipse.jetty.server.Server.doStart(Server.java:258)
	at org.eclipse.jetty.util.component.AbstractLifeCycle.start(AbstractLifeCycle.java:55)
	at org.eclipse.jetty.xml.XmlConfiguration$1.run(XmlConfiguration.java:1068)
	at java.security.AccessController.doPrivileged(Native Method)
	at org.eclipse.jetty.xml.XmlConfiguration.main(XmlConfiguration.java:993)
	at sun.reflect.NativeMethodAccessorImpl.invoke0(Native Method)
	at sun.reflect.NativeMethodAccessorImpl.invoke(NativeMethodAccessorImpl.java:39)
	at sun.reflect.DelegatingMethodAccessorImpl.invoke(DelegatingMethodAccessorImpl.java:25)
	at java.lang.reflect.Method.invoke(Method.java:597)
	at org.eclipse.jetty.start.Main.invokeMain(Main.java:477)
	at org.eclipse.jetty.start.Main.start(Main.java:623)
	at org.eclipse.jetty.start.Main.parseCommandLine(Main.java:273)
	at org.eclipse.jetty.start.Main.main(Main.java:81)
2011-04-21 16:27:43.263:INFO::Deployment monitor /Users/loufoster/Desktop/solr3.1/contexts at interval 1
2011-04-21 16:27:43.286:INFO::Started SelectChannelConnector@0.0.0.0:8080
2011-04-21 16:27:49.954:INFO::Graceful shutdown SelectChannelConnector@0.0.0.0:8080
2011-04-21 16:27:49.970:INFO::Graceful shutdown o.e.j.w.WebAppContext{/solr,file:/private/var/folders/8x/8xo8MRztFcCjCCM5-mapW++++TI/-Tmp-/jetty-0.0.0.0-8080-solr.war-_solr-any-/webapp/},/Users/loufoster/Desktop/solr3.1/webapps/solr.war
2011-04-21 16:27:51.023:INFO::stopped o.e.j.w.WebAppContext{/solr,file:/private/var/folders/8x/8xo8MRztFcCjCCM5-mapW++++TI/-Tmp-/jetty-0.0.0.0-8080-solr.war-_solr-any-/webapp/},/Users/loufoster/Desktop/solr3.1/webapps/solr.war
